2026-03-12T11:57:44.701+07:00  INFO 6132 --- [book-service] [main] c.n.bookservice.BookServiceApplication   : Starting BookServiceApplication using Java 21.0.10 with PID 6132 (D:\Course\libraryx-system\book-service\target\classes started by nvmin in D:\Course\libraryx-system\book-service)
2026-03-12T11:57:44.717+07:00  INFO 6132 --- [book-service] [main] c.n.bookservice.BookServiceApplication   : The following 1 profile is active: "dev"
2026-03-12T11:57:46.900+07:00  INFO 6132 --- [book-service] [main] .s.d.r.c.RepositoryConfigurationDelegate : Bootstrapping Spring Data JPA repositories in DEFAULT mode.
2026-03-12T11:57:47.773+07:00  INFO 6132 --- [book-service] [main] .s.d.r.c.RepositoryConfigurationDelegate : Finished Spring Data repository scanning in 854 ms. Found 1 JPA repository interface.
2026-03-12T11:57:48.627+07:00  INFO 6132 --- [book-service] [main] o.s.cloud.context.scope.GenericScope     : BeanFactory id=ea342d23-1184-339a-a779-f43d7982d161
2026-03-12T11:57:50.941+07:00  INFO 6132 --- [book-service] [main] o.s.boot.tomcat.TomcatWebServer          : Tomcat initialized with port 9001 (http)
2026-03-12T11:57:50.991+07:00  INFO 6132 --- [book-service] [main] o.apache.catalina.core.StandardService   : Starting service [Tomcat]
2026-03-12T11:57:50.993+07:00  INFO 6132 --- [book-service] [main] o.apache.catalina.core.StandardEngine    : Starting Servlet engine: [Apache Tomcat/11.0.15]
2026-03-12T11:57:51.159+07:00  INFO 6132 --- [book-service] [main] b.w.c.s.WebApplicationContextInitializer : Root WebApplicationContext: initialization completed in 6322 ms
2026-03-12T11:57:51.723+07:00  INFO 6132 --- [book-service] [main] org.hibernate.orm.jpa                    : HHH008540: Processing PersistenceUnitInfo [name: default]
2026-03-12T11:57:51.969+07:00  INFO 6132 --- [book-service] [main] org.hibernate.orm.core                   : HHH000001: Hibernate ORM core version 7.2.1.Final
2026-03-12T11:57:53.859+07:00  INFO 6132 --- [book-service] [main] o.s.o.j.p.SpringPersistenceUnitInfo      : No LoadTimeWeaver setup: ignoring JPA class transformer
2026-03-12T11:57:53.960+07:00  INFO 6132 --- [book-service] [main] com.zaxxer.hikari.HikariDataSource       : HikariPool-1 - Starting...
2026-03-12T11:57:54.685+07:00  INFO 6132 --- [book-service] [main] com.zaxxer.hikari.pool.HikariPool        : HikariPool-1 - Added connection conn0: url=jdbc:h2:mem:bookdb user=SA
2026-03-12T11:57:54.691+07:00  INFO 6132 --- [book-service] [main] com.zaxxer.hikari.HikariDataSource       : HikariPool-1 - Start completed.
2026-03-12T11:57:54.787+07:00  WARN 6132 --- [book-service] [main] org.hibernate.orm.deprecation            : HHH90000025: H2Dialect does not need to be specified explicitly using 'hibernate.dialect' (remove the property setting and it will be selected by default)
2026-03-12T11:57:54.873+07:00  INFO 6132 --- [book-service] [main] org.hibernate.orm.connections.pooling    : HHH10001005: Database info:
	Database JDBC URL [jdbc:h2:mem:bookdb]
	Database driver: H2 JDBC Driver
	Database dialect: H2Dialect
	Database version: 2.4.240
	Default catalog/schema: BOOKDB/PUBLIC
	Autocommit mode: undefined/unknown
	Isolation level: READ_COMMITTED [default READ_COMMITTED]
	JDBC fetch size: 100
	Pool: DataSourceConnectionProvider
	Minimum pool size: undefined/unknown
	Maximum pool size: undefined/unknown
2026-03-12T11:57:58.057+07:00  INFO 6132 --- [book-service] [main] org.hibernate.orm.core                   : HHH000489: No JTA platform available (set 'hibernate.transaction.jta.platform' to enable JTA platform integration)
2026-03-12T11:57:58.211+07:00  INFO 6132 --- [book-service] [main] j.LocalContainerEntityManagerFactoryBean : Initialized JPA EntityManagerFactory for persistence unit 'default'
2026-03-12T11:57:58.539+07:00  INFO 6132 --- [book-service] [main] o.a.s.a.XStreamAutoConfiguration         : Initializing an XStream instance since none was found. The auto configuration base packages will be used as wildcards for the XStream security settings.
2026-03-12T11:57:58.982+07:00  INFO 6132 --- [book-service] [main] o.a.s.util.XStreamSecurityTypeUtility    : Constructing wildcard type for base package [com.nvminh162.commonservice].
2026-03-12T11:57:58.983+07:00  INFO 6132 --- [book-service] [main] o.a.s.util.XStreamSecurityTypeUtility    : Constructing wildcard type for base package [com.nvminh162.bookservice].
2026-03-12T11:57:59.007+07:00  INFO 6132 --- [book-service] [main] o.a.serialization.ChainingConverter      : ContentTypeConverter of type [class org.axonframework.serialization.xml.Dom4JToByteArrayConverter] is ignored. It seems to rely on a class that is not available in the class loader: org/dom4j/Document
2026-03-12T11:57:59.011+07:00  INFO 6132 --- [book-service] [main] o.a.serialization.ChainingConverter      : ContentTypeConverter of type [class org.axonframework.serialization.xml.InputStreamToDom4jConverter] is ignored. It seems to rely on a class that is not available in the class loader: org/dom4j/Document
2026-03-12T11:57:59.014+07:00  INFO 6132 --- [book-service] [main] o.a.serialization.ChainingConverter      : ContentTypeConverter of type [class org.axonframework.serialization.xml.XomToStringConverter] is ignored. It seems to rely on a class that is not available in the class loader: nu/xom/Document
2026-03-12T11:57:59.017+07:00  INFO 6132 --- [book-service] [main] o.a.serialization.ChainingConverter      : ContentTypeConverter of type [class org.axonframework.serialization.xml.InputStreamToXomConverter] is ignored. It seems to rely on a class that is not available in the class loader: nu/xom/ParsingException
2026-03-12T11:57:59.149+07:00  INFO 6132 --- [book-service] [main] o.a.config.AxonIQConsoleModule           : 
################################################################################################
## You have not configured AxonIQ Console. AxonIQ Console provides out-of-the box monitoring  ##
## and management capabilities for your Axon Application, starting with it is free.           ##
## Visit https://console.axoniq.io for more information!                                      ##
## Suppress this message by setting system property disable-axoniq-console-message to true.   ##
################################################################################################

2026-03-12T11:57:59.474+07:00  INFO 6132 --- [book-service] [main] o.s.d.j.r.query.QueryEnhancerFactories   : Hibernate is in classpath; If applicable, HQL parser will be used.
2026-03-12T11:58:00.122+07:00  WARN 6132 --- [book-service] [main] JpaBaseConfiguration$JpaWebConfiguration : spring.jpa.open-in-view is enabled by default. Therefore, database queries may be performed during view rendering. Explicitly configure spring.jpa.open-in-view to disable this warning
2026-03-12T11:58:01.045+07:00  WARN 6132 --- [book-service] [main] o.s.b.f.a.FreeMarkerAutoConfiguration    : Cannot find template location: [classpath:/templates/] (please add some templates, check your FreeMarker configuration, or set spring.freemarker.check-template-location=false)
2026-03-12T11:58:01.045+07:00  INFO 6132 --- [book-service] [main] o.s.b.h.a.H2ConsoleAutoConfiguration     : H2 console available at '/h2-console'. Database available at 'jdbc:h2:mem:bookdb'
2026-03-12T11:58:01.277+07:00  INFO 6132 --- [book-service] [main] DiscoveryClientOptionalArgsConfiguration : Eureka HTTP Client uses RestClient.
2026-03-12T11:58:01.378+07:00  WARN 6132 --- [book-service] [main] iguration$LoadBalancerCaffeineWarnLogger : Spring Cloud LoadBalancer is currently working with the default cache. While this cache implementation is useful for development and tests, it's recommended to use Caffeine cache in production.You can switch to using Caffeine cache, by adding it and org.springframework.cache.caffeine.CaffeineCacheManager to the classpath.
2026-03-12T11:58:01.521+07:00  INFO 6132 --- [book-service] [main] o.s.c.n.eureka.InstanceInfoFactory       : Setting initial instance status as: STARTING
2026-03-12T11:58:01.589+07:00  INFO 6132 --- [book-service] [main] com.netflix.discovery.DiscoveryClient    : Initializing Eureka in region us-east-1
2026-03-12T11:58:01.600+07:00  INFO 6132 --- [book-service] [main] c.n.d.s.r.aws.ConfigClusterResolver      : Resolving eureka endpoints via configuration
2026-03-12T11:58:01.621+07:00  INFO 6132 --- [book-service] [main] com.netflix.discovery.DiscoveryClient    : Disable delta property : false
2026-03-12T11:58:01.622+07:00  INFO 6132 --- [book-service] [main] com.netflix.discovery.DiscoveryClient    : Single vip registry refresh property : null
2026-03-12T11:58:01.623+07:00  INFO 6132 --- [book-service] [main] com.netflix.discovery.DiscoveryClient    : Force full registry fetch : false
2026-03-12T11:58:01.624+07:00  INFO 6132 --- [book-service] [main] com.netflix.discovery.DiscoveryClient    : Application is null : false
2026-03-12T11:58:01.624+07:00  INFO 6132 --- [book-service] [main] com.netflix.discovery.DiscoveryClient    : Registered Applications size is zero : true
2026-03-12T11:58:01.625+07:00  INFO 6132 --- [book-service] [main] com.netflix.discovery.DiscoveryClient    : Application version is -1: true
2026-03-12T11:58:01.626+07:00  INFO 6132 --- [book-service] [main] com.netflix.discovery.DiscoveryClient    : Getting all instance registry info from the eureka server
2026-03-12T11:58:02.624+07:00  INFO 6132 --- [book-service] [main] com.netflix.discovery.DiscoveryClient    : The response status is 200
2026-03-12T11:58:02.627+07:00  INFO 6132 --- [book-service] [main] com.netflix.discovery.DiscoveryClient    : Starting heartbeat executor: renew interval is: 30
2026-03-12T11:58:02.630+07:00  INFO 6132 --- [book-service] [main] c.n.discovery.InstanceInfoReplicator     : InstanceInfoReplicator onDemand update allowed rate per min is 4
2026-03-12T11:58:02.633+07:00  INFO 6132 --- [book-service] [main] com.netflix.discovery.DiscoveryClient    : Discovery Client initialized at timestamp 1773291482632 with initial instances count: 0
2026-03-12T11:58:02.640+07:00  INFO 6132 --- [book-service] [main] o.s.c.n.e.s.EurekaServiceRegistry        : Registering application BOOK-SERVICE with eureka with status UP
2026-03-12T11:58:02.642+07:00  INFO 6132 --- [book-service] [main] com.netflix.discovery.DiscoveryClient    : Saw local status change event StatusChangeEvent [timestamp=1773291482642, current=UP, previous=STARTING]
2026-03-12T11:58:02.645+07:00  INFO 6132 --- [book-service] [DiscoveryClient-InstanceInfoReplicator-%d] com.netflix.discovery.DiscoveryClient    : DiscoveryClient_BOOK-SERVICE/DESKTOP-7P3SA93.mshome.net:book-service:9001: registering service...
2026-03-12T11:58:02.685+07:00  INFO 6132 --- [book-service] [main] o.s.boot.tomcat.TomcatWebServer          : Tomcat started on port 9001 (http) with context path '/'
2026-03-12T11:58:02.688+07:00  INFO 6132 --- [book-service] [main] .s.c.n.e.s.EurekaAutoServiceRegistration : Updating port to 9001
2026-03-12T11:58:02.748+07:00  WARN 6132 --- [book-service] [main] o.a.e.t.inmemory.InMemoryTokenStore      : An in memory token store is being created.
This means the event processor using this token store might process the same events again when the application is restarted.
If the use of an in memory token store is intentional, this warning can be ignored.
If the tokens should be persisted, use the JPA, JDBC or MongoDB token store instead.
2026-03-12T11:58:02.880+07:00  INFO 6132 --- [book-service] [DiscoveryClient-InstanceInfoReplicator-%d] com.netflix.discovery.DiscoveryClient    : DiscoveryClient_BOOK-SERVICE/DESKTOP-7P3SA93.mshome.net:book-service:9001 - registration status: 204
2026-03-12T11:58:03.292+07:00  INFO 6132 --- [book-service] [main] i.a.a.c.impl.AxonServerManagedChannel    : Requesting connection details from localhost:8124
2026-03-12T11:58:04.255+07:00  INFO 6132 --- [book-service] [main] i.a.a.c.impl.AxonServerManagedChannel    : Successfully connected to localhost:8124
2026-03-12T11:58:04.269+07:00  INFO 6132 --- [book-service] [main] i.a.a.connector.impl.ControlChannelImpl  : Connected instruction stream for context 'default'. Sending client identification
2026-03-12T11:58:04.303+07:00  INFO 6132 --- [book-service] [main] i.a.a.c.command.impl.CommandChannelImpl  : CommandChannel for context 'default' connected, 0 command handlers registered
2026-03-12T11:58:04.313+07:00  INFO 6132 --- [book-service] [main] i.a.a.c.command.impl.CommandChannelImpl  : Registered handler for command 'com.nvminh162.bookservice.command.command.DeleteBookCommand' in context 'default'
2026-03-12T11:58:04.327+07:00  INFO 6132 --- [book-service] [main] i.a.a.c.command.impl.CommandChannelImpl  : Registered handler for command 'com.nvminh162.commonservice.command.RollBackStatusBookCommand' in context 'default'
2026-03-12T11:58:04.329+07:00  INFO 6132 --- [book-service] [main] i.a.a.c.command.impl.CommandChannelImpl  : Registered handler for command 'com.nvminh162.bookservice.command.command.CreateBookCommand' in context 'default'
2026-03-12T11:58:04.335+07:00  INFO 6132 --- [book-service] [main] i.a.a.c.command.impl.CommandChannelImpl  : Registered handler for command 'com.nvminh162.commonservice.command.UpdateStatusBookCommand' in context 'default'
2026-03-12T11:58:04.336+07:00  INFO 6132 --- [book-service] [main] i.a.a.c.command.impl.CommandChannelImpl  : Registered handler for command 'com.nvminh162.bookservice.command.command.UpdateBookCommand' in context 'default'
2026-03-12T11:58:04.404+07:00  INFO 6132 --- [book-service] [main] i.a.a.c.query.impl.QueryChannelImpl      : QueryChannel for context 'default' connected, 0 registrations resubscribed
2026-03-12T11:58:04.416+07:00  INFO 6132 --- [book-service] [main] i.a.a.c.query.impl.QueryChannelImpl      : Registered handler for query 'com.nvminh162.commonservice.queries.GetBookDetailQuery : com.nvminh162.commonservice.model.BookResponseCommonModel' in context 'default'
2026-03-12T11:58:04.419+07:00  INFO 6132 --- [book-service] [main] i.a.a.c.query.impl.QueryChannelImpl      : Registered handler for query 'com.nvminh162.bookservice.query.queries.GetAllBookQuery : java.util.List<com.nvminh162.commonservice.model.BookResponseCommonModel>' in context 'default'
2026-03-12T11:58:04.491+07:00  INFO 6132 --- [book-service] [main] c.n.bookservice.BookServiceApplication   : Started BookServiceApplication in 21.834 seconds (process running for 23.748)
2026-03-12T11:58:04.543+07:00  INFO 6132 --- [book-service] [EventProcessor[com.nvminh162.bookservice.command.event]-0] o.a.e.TrackingEventProcessor             : Worker assigned to segment Segment[0/0] for processing
2026-03-12T11:58:04.547+07:00  INFO 6132 --- [book-service] [EventProcessor[com.nvminh162.bookservice.command.event]-0] o.a.e.TrackingEventProcessor             : Using current Thread for last segment worker: TrackingSegmentWorker{processor=com.nvminh162.bookservice.command.event, segment=Segment[0/0]}
2026-03-12T11:58:04.547+07:00  INFO 6132 --- [book-service] [EventProcessor[com.nvminh162.bookservice.command.event]-0] o.a.e.TrackingEventProcessor             : Fetched token: ReplayToken{currentToken=null, tokenAtReset=IndexTrackingToken{globalIndex=11}, context=null} for segment: Segment[0/0]
2026-03-12T11:58:05.425+07:00  INFO 6132 --- [book-service] [http-nio-9001-exec-1] o.a.c.c.C.[Tomcat].[localhost].[/]       : Initializing Spring DispatcherServlet 'dispatcherServlet'
2026-03-12T11:58:05.425+07:00  INFO 6132 --- [book-service] [http-nio-9001-exec-1] o.s.web.servlet.DispatcherServlet        : Initializing Servlet 'dispatcherServlet'
2026-03-12T11:58:05.429+07:00  INFO 6132 --- [book-service] [http-nio-9001-exec-1] o.s.web.servlet.DispatcherServlet        : Completed initialization in 4 ms
2026-03-12T11:58:05.774+07:00  INFO 6132 --- [book-service] [http-nio-9001-exec-1] c.n.b.q.controller.BookQueryController   : >>> GET ALL BOOKS: [com.nvminh162.commonservice.model.BookResponseCommonModel@194ab291, com.nvminh162.commonservice.model.BookResponseCommonModel@554d089e, com.nvminh162.commonservice.model.BookResponseCommonModel@37ecd5fe]
2026-03-12T11:58:05.857+07:00  INFO 6132 --- [book-service] [http-nio-9001-exec-4] c.n.b.q.controller.BookQueryController   : >>> GET ALL BOOKS: [com.nvminh162.commonservice.model.BookResponseCommonModel@7092825b, com.nvminh162.commonservice.model.BookResponseCommonModel@2988fceb, com.nvminh162.commonservice.model.BookResponseCommonModel@21b6dab9]
2026-03-12T11:58:32.631+07:00  INFO 6132 --- [book-service] [DiscoveryClient-CacheRefreshExecutor-%d] com.netflix.discovery.DiscoveryClient    : Disable delta property : false
2026-03-12T11:58:32.631+07:00  INFO 6132 --- [book-service] [DiscoveryClient-CacheRefreshExecutor-%d] com.netflix.discovery.DiscoveryClient    : Single vip registry refresh property : null
2026-03-12T11:58:32.632+07:00  INFO 6132 --- [book-service] [DiscoveryClient-CacheRefreshExecutor-%d] com.netflix.discovery.DiscoveryClient    : Force full registry fetch : false
2026-03-12T11:58:32.632+07:00  INFO 6132 --- [book-service] [DiscoveryClient-CacheRefreshExecutor-%d] com.netflix.discovery.DiscoveryClient    : Application is null : false
2026-03-12T11:58:32.633+07:00  INFO 6132 --- [book-service] [DiscoveryClient-CacheRefreshExecutor-%d] com.netflix.discovery.DiscoveryClient    : Registered Applications size is zero : true
2026-03-12T11:58:32.633+07:00  INFO 6132 --- [book-service] [DiscoveryClient-CacheRefreshExecutor-%d] com.netflix.discovery.DiscoveryClient    : Application version is -1: false
2026-03-12T11:58:32.634+07:00  INFO 6132 --- [book-service] [DiscoveryClient-CacheRefreshExecutor-%d] com.netflix.discovery.DiscoveryClient    : Getting all instance registry info from the eureka server
2026-03-12T11:58:32.676+07:00  INFO 6132 --- [book-service] [DiscoveryClient-CacheRefreshExecutor-%d] com.netflix.discovery.DiscoveryClient    : The response status is 200
2026-03-12T11:58:59.091+07:00  INFO 6132 --- [book-service] [http-nio-9001-exec-3] c.n.b.q.controller.BookQueryController   : >>> GET ALL BOOKS: [com.nvminh162.commonservice.model.BookResponseCommonModel@dde9f61, com.nvminh162.commonservice.model.BookResponseCommonModel@23f17acd, com.nvminh162.commonservice.model.BookResponseCommonModel@5c079b7c]
2026-03-12T11:59:02.467+07:00  INFO 6132 --- [book-service] [http-nio-9001-exec-5] c.n.b.q.controller.BookQueryController   : >>> GET ALL BOOKS: [com.nvminh162.commonservice.model.BookResponseCommonModel@3f2cb4e6, com.nvminh162.commonservice.model.BookResponseCommonModel@258db29b, com.nvminh162.commonservice.model.BookResponseCommonModel@6e474274]
2026-03-12T11:59:16.383+07:00  INFO 6132 --- [book-service] [http-nio-9001-exec-7] c.n.b.q.controller.BookQueryController   : >>> GET ALL BOOKS: [com.nvminh162.commonservice.model.BookResponseCommonModel@71b1221, com.nvminh162.commonservice.model.BookResponseCommonModel@59878cf3, com.nvminh162.commonservice.model.BookResponseCommonModel@56c8dbba]
2026-03-12T12:03:01.655+07:00  INFO 6132 --- [book-service] [AsyncResolver-bootstrap-executor-%d] c.n.d.s.r.aws.ConfigClusterResolver      : Resolving eureka endpoints via configuration
2026-03-12T12:08:01.674+07:00  INFO 6132 --- [book-service] [AsyncResolver-bootstrap-executor-%d] c.n.d.s.r.aws.ConfigClusterResolver      : Resolving eureka endpoints via configuration
2026-03-12T12:09:43.416+07:00  INFO 6132 --- [book-service] [http-nio-9001-exec-9] c.n.b.q.controller.BookQueryController   : >>> GET ALL BOOKS: [com.nvminh162.commonservice.model.BookResponseCommonModel@3ddb49db, com.nvminh162.commonservice.model.BookResponseCommonModel@d75900e, com.nvminh162.commonservice.model.BookResponseCommonModel@6c325826]
2026-03-12T12:13:01.679+07:00  INFO 6132 --- [book-service] [AsyncResolver-bootstrap-executor-%d] c.n.d.s.r.aws.ConfigClusterResolver      : Resolving eureka endpoints via configuration
2026-03-12T12:17:53.467+07:00  INFO 6132 --- [book-service] [http-nio-9001-exec-1] c.n.b.q.controller.BookQueryController   : >>> GET ALL BOOKS: [com.nvminh162.commonservice.model.BookResponseCommonModel@17fd28d0, com.nvminh162.commonservice.model.BookResponseCommonModel@3146983f, com.nvminh162.commonservice.model.BookResponseCommonModel@1faf807d]
2026-03-12T12:18:01.681+07:00  INFO 6132 --- [book-service] [AsyncResolver-bootstrap-executor-%d] c.n.d.s.r.aws.ConfigClusterResolver      : Resolving eureka endpoints via configuration
2026-03-12T12:19:05.190+07:00  INFO 6132 --- [book-service] [http-nio-9001-exec-3] c.n.b.q.controller.BookQueryController   : >>> GET ALL BOOKS: [com.nvminh162.commonservice.model.BookResponseCommonModel@540c1d05, com.nvminh162.commonservice.model.BookResponseCommonModel@41cee3f5, com.nvminh162.commonservice.model.BookResponseCommonModel@24599206]
2026-03-12T12:23:01.687+07:00  INFO 6132 --- [book-service] [AsyncResolver-bootstrap-executor-%d] c.n.d.s.r.aws.ConfigClusterResolver      : Resolving eureka endpoints via configuration
2026-03-12T12:28:01.699+07:00  INFO 6132 --- [book-service] [AsyncResolver-bootstrap-executor-%d] c.n.d.s.r.aws.ConfigClusterResolver      : Resolving eureka endpoints via configuration
2026-03-12T12:33:01.701+07:00  INFO 6132 --- [book-service] [AsyncResolver-bootstrap-executor-%d] c.n.d.s.r.aws.ConfigClusterResolver      : Resolving eureka endpoints via configuration
2026-03-12T12:36:38.670+07:00  INFO 6132 --- [book-service] [http-nio-9001-exec-6] c.n.b.q.controller.BookQueryController   : >>> GET ALL BOOKS: [com.nvminh162.commonservice.model.BookResponseCommonModel@5d4d9902, com.nvminh162.commonservice.model.BookResponseCommonModel@3f90efac, com.nvminh162.commonservice.model.BookResponseCommonModel@c440ed3]
2026-03-12T12:36:40.018+07:00  INFO 6132 --- [book-service] [http-nio-9001-exec-7] c.n.b.q.controller.BookQueryController   : >>> GET ALL BOOKS: [com.nvminh162.commonservice.model.BookResponseCommonModel@7cbe5f45, com.nvminh162.commonservice.model.BookResponseCommonModel@19d361a0, com.nvminh162.commonservice.model.BookResponseCommonModel@239f6c0d]
2026-03-12T12:36:41.103+07:00  INFO 6132 --- [book-service] [http-nio-9001-exec-8] c.n.b.q.controller.BookQueryController   : >>> GET ALL BOOKS: [com.nvminh162.commonservice.model.BookResponseCommonModel@28bd0aae, com.nvminh162.commonservice.model.BookResponseCommonModel@4b46f170, com.nvminh162.commonservice.model.BookResponseCommonModel@2cdcec03]
2026-03-12T12:36:42.038+07:00  INFO 6132 --- [book-service] [http-nio-9001-exec-9] c.n.b.q.controller.BookQueryController   : >>> GET ALL BOOKS: [com.nvminh162.commonservice.model.BookResponseCommonModel@72b495d, com.nvminh162.commonservice.model.BookResponseCommonModel@d58183d, com.nvminh162.commonservice.model.BookResponseCommonModel@39235bb2]
2026-03-12T12:36:43.005+07:00  INFO 6132 --- [book-service] [http-nio-9001-exec-10] c.n.b.q.controller.BookQueryController   : >>> GET ALL BOOKS: [com.nvminh162.commonservice.model.BookResponseCommonModel@5cceb806, com.nvminh162.commonservice.model.BookResponseCommonModel@74d4a32f, com.nvminh162.commonservice.model.BookResponseCommonModel@e89b2e8]
2026-03-12T12:38:01.718+07:00  INFO 6132 --- [book-service] [AsyncResolver-bootstrap-executor-%d] c.n.d.s.r.aws.ConfigClusterResolver      : Resolving eureka endpoints via configuration
2026-03-12T12:38:15.666+07:00  INFO 6132 --- [book-service] [http-nio-9001-exec-1] c.n.b.q.controller.BookQueryController   : >>> GET ALL BOOKS: [com.nvminh162.commonservice.model.BookResponseCommonModel@a564da1, com.nvminh162.commonservice.model.BookResponseCommonModel@33298f3b, com.nvminh162.commonservice.model.BookResponseCommonModel@3b4fa605]
2026-03-12T12:38:17.188+07:00  INFO 6132 --- [book-service] [http-nio-9001-exec-2] c.n.b.q.controller.BookQueryController   : >>> GET ALL BOOKS: [com.nvminh162.commonservice.model.BookResponseCommonModel@19913846, com.nvminh162.commonservice.model.BookResponseCommonModel@5513688d, com.nvminh162.commonservice.model.BookResponseCommonModel@2f7dd421]
2026-03-12T12:38:18.181+07:00  INFO 6132 --- [book-service] [http-nio-9001-exec-3] c.n.b.q.controller.BookQueryController   : >>> GET ALL BOOKS: [com.nvminh162.commonservice.model.BookResponseCommonModel@3d4409d1, com.nvminh162.commonservice.model.BookResponseCommonModel@669b8746, com.nvminh162.commonservice.model.BookResponseCommonModel@79cb3fa2]
2026-03-12T12:38:18.805+07:00  INFO 6132 --- [book-service] [http-nio-9001-exec-5] c.n.b.q.controller.BookQueryController   : >>> GET ALL BOOKS: [com.nvminh162.commonservice.model.BookResponseCommonModel@4d6f91af, com.nvminh162.commonservice.model.BookResponseCommonModel@69864d90, com.nvminh162.commonservice.model.BookResponseCommonModel@472bc95b]
2026-03-12T12:38:19.514+07:00  INFO 6132 --- [book-service] [http-nio-9001-exec-6] c.n.b.q.controller.BookQueryController   : >>> GET ALL BOOKS: [com.nvminh162.commonservice.model.BookResponseCommonModel@1fc31471, com.nvminh162.commonservice.model.BookResponseCommonModel@4027aab1, com.nvminh162.commonservice.model.BookResponseCommonModel@f5a976c]
